<?xml version="1.0" encoding="UTF-8"?>
<testng-results ignored="0" total="1" passed="1" failed="0" skipped="0">
  <reporter-output>
  </reporter-output>
  <suite started-at="2023-11-03T03:14:37Z" name="Default suite" finished-at="2023-11-03T03:14:44Z" duration-ms="7250">
    <groups>
    </groups>
    <test started-at="2023-11-03T03:14:37Z" name="Default test" finished-at="2023-11-03T03:14:44Z" duration-ms="7250">
      <class name="com.LoginTest">
        <test-method signature="loginTest()[pri:0, instance:com.LoginTest@6e9a5ed8]" started-at="2023-11-03T03:14:37Z" name="loginTest" finished-at="2023-11-03T03:14:44Z" duration-ms="7221" status="PASS">
          <reporter-output>
          </reporter-output>
        </test-method> <!-- loginTest -->
      </class> <!-- com.LoginTest -->
    </test> <!-- Default test -->
  </suite> <!-- Default suite -->
</testng-results>
