<?xml version="1.0" encoding="UTF-8"?>
<testng-results ignored="0" total="5" passed="5" failed="0" skipped="0">
  <reporter-output>
  </reporter-output>
  <suite started-at="2023-09-29T03:13:30Z" name="Default suite" finished-at="2023-09-29T03:13:53Z" duration-ms="23100">
    <groups>
    </groups>
    <test started-at="2023-09-29T03:13:30Z" name="Default test" finished-at="2023-09-29T03:13:53Z" duration-ms="23100">
      <class name="com.LoginTest_Multipleparameter">
        <test-method is-config="true" signature="setUp()[pri:0, instance:com.LoginTest_Multipleparameter@3f4faf53]" started-at="2023-09-29T03:13:30Z" name="setUp" finished-at="2023-09-29T03:13:33Z" duration-ms="3709" status="PASS">
          <reporter-output>
          </reporter-output>
        </test-method> <!-- setUp -->
        <test-method signature="login(java.lang.String, java.lang.String)[pri:0, instance:com.LoginTest_Multipleparameter@3f4faf53]" started-at="2023-09-29T03:13:36Z" name="login" data-provider="dp" finished-at="2023-09-29T03:13:39Z" duration-ms="3617" status="PASS">
          <params>
            <param index="0">
              <value>
                <![CDATA[test@gmail.com]]>
              </value>
            </param>
            <param index="1">
              <value>
                <![CDATA[test123]]>
              </value>
            </param>
          </params>
          <reporter-output>
          </reporter-output>
        </test-method> <!-- login -->
        <test-method signature="login(java.lang.String, java.lang.String)[pri:0, instance:com.LoginTest_Multipleparameter@3f4faf53]" started-at="2023-09-29T03:13:39Z" name="login" data-provider="dp" finished-at="2023-09-29T03:13:43Z" duration-ms="3284" status="PASS">
          <params>
            <param index="0">
              <value>
                <![CDATA[tech@gmail.com]]>
              </value>
            </param>
            <param index="1">
              <value>
                <![CDATA[tech123]]>
              </value>
            </param>
          </params>
          <reporter-output>
          </reporter-output>
        </test-method> <!-- login -->
        <test-method signature="login(java.lang.String, java.lang.String)[pri:0, instance:com.LoginTest_Multipleparameter@3f4faf53]" started-at="2023-09-29T03:13:43Z" name="login" data-provider="dp" finished-at="2023-09-29T03:13:46Z" duration-ms="3279" status="PASS">
          <params>
            <param index="0">
              <value>
                <![CDATA[pass@gmail.com]]>
              </value>
            </param>
            <param index="1">
              <value>
                <![CDATA[pass123]]>
              </value>
            </param>
          </params>
          <reporter-output>
          </reporter-output>
        </test-method> <!-- login -->
        <test-method signature="login(java.lang.String, java.lang.String)[pri:0, instance:com.LoginTest_Multipleparameter@3f4faf53]" started-at="2023-09-29T03:13:46Z" name="login" data-provider="dp" finished-at="2023-09-29T03:13:49Z" duration-ms="3274" status="PASS">
          <params>
            <param index="0">
              <value>
                <![CDATA[abc@gmail.com]]>
              </value>
            </param>
            <param index="1">
              <value>
                <![CDATA[abc123]]>
              </value>
            </param>
          </params>
          <reporter-output>
          </reporter-output>
        </test-method> <!-- login -->
        <test-method signature="login(java.lang.String, java.lang.String)[pri:0, instance:com.LoginTest_Multipleparameter@3f4faf53]" started-at="2023-09-29T03:13:49Z" name="login" data-provider="dp" finished-at="2023-09-29T03:13:53Z" duration-ms="3276" status="PASS">
          <params>
            <param index="0">
              <value>
                <![CDATA[xyz@gmail.com]]>
              </value>
            </param>
            <param index="1">
              <value>
                <![CDATA[xyz123]]>
              </value>
            </param>
          </params>
          <reporter-output>
          </reporter-output>
        </test-method> <!-- login -->
        <test-method is-config="true" signature="close()[pri:0, instance:com.LoginTest_Multipleparameter@3f4faf53]" started-at="2023-09-29T03:13:53Z" name="close" finished-at="2023-09-29T03:13:53Z" duration-ms="263" status="PASS">
          <reporter-output>
          </reporter-output>
        </test-method> <!-- close -->
      </class> <!-- com.LoginTest_Multipleparameter -->
    </test> <!-- Default test -->
  </suite> <!-- Default suite -->
</testng-results>
