<?xml version="1.0" encoding="UTF-8"?>
<testng-results ignored="0" total="6" passed="6" failed="0" skipped="0">
  <reporter-output>
  </reporter-output>
  <suite started-at="2023-10-04T03:21:16Z" name="Default suite" finished-at="2023-10-04T03:21:30Z" duration-ms="13070">
    <groups>
    </groups>
    <test started-at="2023-10-04T03:21:16Z" name="Default test" finished-at="2023-10-04T03:21:30Z" duration-ms="13070">
      <class name="com.HybridDriven">
        <test-method signature="test(java.lang.String, java.lang.String, java.lang.String, java.lang.String, java.lang.String)[pri:0, instance:com.HybridDriven@6d60fe40]" started-at="2023-10-04T03:21:19Z" name="test" data-provider="dp" finished-at="2023-10-04T03:21:22Z" duration-ms="2532" status="PASS">
          <params>
            <param index="0">
              <value>
                <![CDATA[open browser]]>
              </value>
            </param>
            <param index="1">
              <value>
                <![CDATA[browser]]>
              </value>
            </param>
            <param index="2">
              <value>
                <![CDATA[NA]]>
              </value>
            </param>
            <param index="3">
              <value>
                <![CDATA[NA]]>
              </value>
            </param>
            <param index="4">
              <value>
                <![CDATA[chrome]]>
              </value>
            </param>
          </params>
          <reporter-output>
          </reporter-output>
        </test-method> <!-- test -->
        <test-method signature="test(java.lang.String, java.lang.String, java.lang.String, java.lang.String, java.lang.String)[pri:0, instance:com.HybridDriven@6d60fe40]" started-at="2023-10-04T03:21:22Z" name="test" data-provider="dp" finished-at="2023-10-04T03:21:26Z" duration-ms="4137" status="PASS">
          <params>
            <param index="0">
              <value>
                <![CDATA[launch url]]>
              </value>
            </param>
            <param index="1">
              <value>
                <![CDATA[url]]>
              </value>
            </param>
            <param index="2">
              <value>
                <![CDATA[NA]]>
              </value>
            </param>
            <param index="3">
              <value>
                <![CDATA[NA]]>
              </value>
            </param>
            <param index="4">
              <value>
                <![CDATA[https://twitter.com/i/flow/login]]>
              </value>
            </param>
          </params>
          <reporter-output>
          </reporter-output>
        </test-method> <!-- test -->
        <test-method signature="test(java.lang.String, java.lang.String, java.lang.String, java.lang.String, java.lang.String)[pri:0, instance:com.HybridDriven@6d60fe40]" started-at="2023-10-04T03:21:26Z" name="test" data-provider="dp" finished-at="2023-10-04T03:21:28Z" duration-ms="1772" status="PASS">
          <params>
            <param index="0">
              <value>
                <![CDATA[username]]>
              </value>
            </param>
            <param index="1">
              <value>
                <![CDATA[input]]>
              </value>
            </param>
            <param index="2">
              <value>
                <![CDATA[name]]>
              </value>
            </param>
            <param index="3">
              <value>
                <![CDATA[text]]>
              </value>
            </param>
            <param index="4">
              <value>
                <![CDATA[9099613040]]>
              </value>
            </param>
          </params>
          <reporter-output>
          </reporter-output>
        </test-method> <!-- test -->
        <test-method signature="test(java.lang.String, java.lang.String, java.lang.String, java.lang.String, java.lang.String)[pri:0, instance:com.HybridDriven@6d60fe40]" started-at="2023-10-04T03:21:28Z" name="test" data-provider="dp" finished-at="2023-10-04T03:21:28Z" duration-ms="393" status="PASS">
          <params>
            <param index="0">
              <value>
                <![CDATA[next]]>
              </value>
            </param>
            <param index="1">
              <value>
                <![CDATA[click]]>
              </value>
            </param>
            <param index="2">
              <value>
                <![CDATA[xpath]]>
              </value>
            </param>
            <param index="3">
              <value>
                <![CDATA[//div[@role='button'][2]]]>
              </value>
            </param>
            <param index="4">
              <value>
                <![CDATA[NA]]>
              </value>
            </param>
          </params>
          <reporter-output>
          </reporter-output>
        </test-method> <!-- test -->
        <test-method signature="test(java.lang.String, java.lang.String, java.lang.String, java.lang.String, java.lang.String)[pri:0, instance:com.HybridDriven@6d60fe40]" started-at="2023-10-04T03:21:28Z" name="test" data-provider="dp" finished-at="2023-10-04T03:21:29Z" duration-ms="1077" status="PASS">
          <params>
            <param index="0">
              <value>
                <![CDATA[password]]>
              </value>
            </param>
            <param index="1">
              <value>
                <![CDATA[input]]>
              </value>
            </param>
            <param index="2">
              <value>
                <![CDATA[name]]>
              </value>
            </param>
            <param index="3">
              <value>
                <![CDATA[password]]>
              </value>
            </param>
            <param index="4">
              <value>
                <![CDATA[tech123]]>
              </value>
            </param>
          </params>
          <reporter-output>
          </reporter-output>
        </test-method> <!-- test -->
        <test-method signature="test(java.lang.String, java.lang.String, java.lang.String, java.lang.String, java.lang.String)[pri:0, instance:com.HybridDriven@6d60fe40]" started-at="2023-10-04T03:21:29Z" name="test" data-provider="dp" finished-at="2023-10-04T03:21:30Z" duration-ms="117" status="PASS">
          <params>
            <param index="0">
              <value>
                <![CDATA[login]]>
              </value>
            </param>
            <param index="1">
              <value>
                <![CDATA[click]]>
              </value>
            </param>
            <param index="2">
              <value>
                <![CDATA[xpath]]>
              </value>
            </param>
            <param index="3">
              <value>
                <![CDATA[//*[text()='Log in']]]>
              </value>
            </param>
            <param index="4">
              <value>
                <![CDATA[NA]]>
              </value>
            </param>
          </params>
          <reporter-output>
          </reporter-output>
        </test-method> <!-- test -->
      </class> <!-- com.HybridDriven -->
    </test> <!-- Default test -->
  </suite> <!-- Default suite -->
</testng-results>
