<?xml version="1.0" encoding="UTF-8"?>
<!-- Generated by org.testng.reporters.JUnitXMLReporter -->
<testsuite ignored="0" hostname="LAPTOP-DOHQRCCL" failures="0" tests="3" name="Default test" time="12.504" errors="0" timestamp="21 Oct 2023 11:29:00 GMT">
  <testcase classname="parameter.LoginTest_Multipleparameter" name="login" time="1.541"/>
  <testcase classname="parameter.LoginTest_Multipleparameter" name="login" time="1.457"/>
  <testcase classname="parameter.LoginTest_Multipleparameter" name="login" time="0.438"/>
</testsuite> <!-- Default test -->
