<?xml version="1.0" encoding="UTF-8"?>
<!-- Generated by org.testng.reporters.JUnitXMLReporter -->
<testsuite ignored="4" hostname="LAPTOP-DOHQRCCL" failures="0" tests="2" name="smoke" time="0.039" errors="0" timestamp="25 Sep 2023 03:21:13 GMT">
  <testcase classname="org.Payment" name="creditCard" time="0.006"/>
  <testcase classname="org.Account" name="current" time="0.001"/>
  <testcase classname="org.Payment" name="debitCard" time="0.0">
    <ignored/>
  </testcase> <!-- debitCard -->
  <testcase classname="org.Payment" name="cod" time="0.0">
    <ignored/>
  </testcase> <!-- cod -->
  <testcase classname="org.Account" name="saving" time="0.0">
    <ignored/>
  </testcase> <!-- saving -->
  <testcase classname="org.Account" name="loan" time="0.0">
    <ignored/>
  </testcase> <!-- loan -->
</testsuite> <!-- smoke -->
