<?xml version="1.0" encoding="UTF-8"?>
<!-- Generated by org.testng.reporters.JUnitXMLReporter -->
<testsuite ignored="3" hostname="LAPTOP-DOHQRCCL" failures="0" tests="3" name="Test1" time="0.064" errors="0" timestamp="25 Sep 2023 03:04:27 GMT">
  <testcase classname="org.Payment" name="creditCard" time="0.008"/>
  <testcase classname="org.Payment" name="debitCard" time="0.002"/>
  <testcase classname="org.Account" name="saving" time="0.006"/>
  <testcase classname="org.Payment" name="cod" time="0.0">
    <ignored/>
  </testcase> <!-- cod -->
  <testcase classname="org.Account" name="current" time="0.0">
    <ignored/>
  </testcase> <!-- current -->
  <testcase classname="org.Account" name="loan" time="0.0">
    <ignored/>
  </testcase> <!-- loan -->
</testsuite> <!-- Test1 -->
