<?xml version="1.0" encoding="UTF-8"?>
<!-- Generated by org.testng.reporters.JUnitXMLReporter -->
<testsuite ignored="0" hostname="LAPTOP-DOHQRCCL" failures="2" tests="2" name="Test" time="15.197" errors="0" timestamp="27 Sep 2023 03:24:11 GMT">
  <testcase classname="listener.FBTest" name="login" time="11.748">
    <failure type="java.lang.AssertionError" message="expected [Facebook – log in or sign up] but found [Error]">
      <![CDATA[java.lang.AssertionError: expected [Facebook – log in or sign up] but found [Error]
at listener.FBTest.login(FBTest.java:35)
... Removed 31 stack frames]]>
    </failure>
  </testcase> <!-- login -->
  <testcase classname="listener.FBTest" name="title" time="2.931">
    <failure type="java.lang.AssertionError" message="expected [Facebook – log in or sign up] but found [Fb]">
      <![CDATA[java.lang.AssertionError: expected [Facebook – log in or sign up] but found [Fb]
at listener.FBTest.title(FBTest.java:23)
... Removed 31 stack frames]]>
    </failure>
  </testcase> <!-- title -->
</testsuite> <!-- Test -->
