<?xml version="1.0" encoding="UTF-8"?>
<testng-results ignored="0" total="1" passed="1" failed="0" skipped="0">
  <reporter-output>
  </reporter-output>
  <suite started-at="2023-11-03T03:18:24Z" name="Suite" finished-at="2023-11-03T03:18:31Z" duration-ms="7754">
    <groups>
    </groups>
    <test started-at="2023-11-03T03:18:24Z" name="Test" finished-at="2023-11-03T03:18:31Z" duration-ms="7754">
      <class name="com.LoginTest">
        <test-method signature="loginTest()[pri:0, instance:com.LoginTest@35dab4eb]" started-at="2023-11-03T03:18:24Z" name="loginTest" finished-at="2023-11-03T03:18:31Z" duration-ms="7684" status="PASS">
          <reporter-output>
          </reporter-output>
        </test-method> <!-- loginTest -->
      </class> <!-- com.LoginTest -->
    </test> <!-- Test -->
  </suite> <!-- Suite -->
</testng-results>
