<?xml version="1.0" encoding="UTF-8"?>
<testng-results ignored="0" total="3" passed="3" failed="0" skipped="0">
  <reporter-output>
  </reporter-output>
  <suite started-at="2023-10-21T11:28:47Z" name="Default suite" finished-at="2023-10-21T11:28:59Z" duration-ms="12504">
    <groups>
    </groups>
    <test started-at="2023-10-21T11:28:47Z" name="Default test" finished-at="2023-10-21T11:28:59Z" duration-ms="12504">
      <class name="parameter.LoginTest_Multipleparameter">
        <test-method is-config="true" signature="setUp()[pri:0, instance:parameter.LoginTest_Multipleparameter@247310d0]" started-at="2023-10-21T11:28:47Z" name="setUp" finished-at="2023-10-21T11:28:55Z" duration-ms="7748" status="PASS">
          <reporter-output>
          </reporter-output>
        </test-method> <!-- setUp -->
        <test-method signature="login(java.lang.String, java.lang.String)[pri:0, instance:parameter.LoginTest_Multipleparameter@247310d0]" started-at="2023-10-21T11:28:55Z" name="login" data-provider="dp" finished-at="2023-10-21T11:28:56Z" duration-ms="1541" status="PASS">
          <params>
            <param index="0">
              <value>
                <![CDATA[test@gmail.com]]>
              </value>
            </param>
            <param index="1">
              <value>
                <![CDATA[test]]>
              </value>
            </param>
          </params>
          <reporter-output>
          </reporter-output>
        </test-method> <!-- login -->
        <test-method signature="login(java.lang.String, java.lang.String)[pri:0, instance:parameter.LoginTest_Multipleparameter@247310d0]" started-at="2023-10-21T11:28:56Z" name="login" data-provider="dp" finished-at="2023-10-21T11:28:58Z" duration-ms="1457" status="PASS">
          <params>
            <param index="0">
              <value>
                <![CDATA[tech@gmail.com]]>
              </value>
            </param>
            <param index="1">
              <value>
                <![CDATA[tech]]>
              </value>
            </param>
          </params>
          <reporter-output>
          </reporter-output>
        </test-method> <!-- login -->
        <test-method signature="login(java.lang.String, java.lang.String)[pri:0, instance:parameter.LoginTest_Multipleparameter@247310d0]" started-at="2023-10-21T11:28:58Z" name="login" data-provider="dp" finished-at="2023-10-21T11:28:58Z" duration-ms="438" status="PASS">
          <params>
            <param index="0">
              <value>
                <![CDATA[abc@gmail.com]]>
              </value>
            </param>
            <param index="1">
              <value>
                <![CDATA[abc]]>
              </value>
            </param>
          </params>
          <reporter-output>
          </reporter-output>
        </test-method> <!-- login -->
        <test-method is-config="true" signature="close()[pri:0, instance:parameter.LoginTest_Multipleparameter@247310d0]" started-at="2023-10-21T11:28:58Z" name="close" finished-at="2023-10-21T11:28:59Z" duration-ms="1219" status="PASS">
          <reporter-output>
          </reporter-output>
        </test-method> <!-- close -->
      </class> <!-- parameter.LoginTest_Multipleparameter -->
    </test> <!-- Default test -->
  </suite> <!-- Default suite -->
</testng-results>
