<?xml version="1.0" encoding="UTF-8"?>
<testng-results ignored="0" total="1" passed="1" failed="0" skipped="0">
  <reporter-output>
  </reporter-output>
  <suite started-at="2023-11-06T03:01:02Z" name="Default suite" finished-at="2023-11-06T03:01:09Z" duration-ms="6669">
    <groups>
    </groups>
    <test started-at="2023-11-06T03:01:02Z" name="Default test" finished-at="2023-11-06T03:01:09Z" duration-ms="6669">
      <class name="database.D001_DB">
        <test-method signature="test()[pri:0, instance:database.D001_DB@1750fbeb]" started-at="2023-11-06T03:01:02Z" name="test" finished-at="2023-11-06T03:01:09Z" duration-ms="6649" status="PASS">
          <reporter-output>
          </reporter-output>
        </test-method> <!-- test -->
      </class> <!-- database.D001_DB -->
    </test> <!-- Default test -->
  </suite> <!-- Default suite -->
</testng-results>
