<?xml version="1.0" encoding="UTF-8"?>
<!-- Generated by org.testng.reporters.JUnitXMLReporter -->
<testsuite ignored="0" hostname="LAPTOP-DOHQRCCL" failures="0" tests="5" name="Default test" time="23.1" errors="0" timestamp="29 Sep 2023 03:13:53 GMT">
  <testcase classname="com.LoginTest_Multipleparameter" name="login" time="3.617"/>
  <testcase classname="com.LoginTest_Multipleparameter" name="login" time="3.284"/>
  <testcase classname="com.LoginTest_Multipleparameter" name="login" time="3.279"/>
  <testcase classname="com.LoginTest_Multipleparameter" name="login" time="3.274"/>
  <testcase classname="com.LoginTest_Multipleparameter" name="login" time="3.276"/>
</testsuite> <!-- Default test -->
