<?xml version="1.0" encoding="UTF-8"?>
<!-- Generated by org.testng.reporters.JUnitXMLReporter -->
<testsuite ignored="0" hostname="LAPTOP-DOHQRCCL" failures="0" tests="6" name="Default test" time="13.07" errors="0" timestamp="04 Oct 2023 03:21:30 GMT">
  <testcase classname="com.HybridDriven" name="test" time="2.532"/>
  <testcase classname="com.HybridDriven" name="test" time="4.137"/>
  <testcase classname="com.HybridDriven" name="test" time="1.772"/>
  <testcase classname="com.HybridDriven" name="test" time="0.393"/>
  <testcase classname="com.HybridDriven" name="test" time="1.077"/>
  <testcase classname="com.HybridDriven" name="test" time="0.117"/>
</testsuite> <!-- Default test -->
